Using pre-set license
Built from '2022.3/staging' branch; Version is '2022.3.3f1 (7cdc2969a641) revision 8182825'; Using compiler version '192829333'; Build Type 'Release'
OS: 'Windows 10  (10.0.19045) 64bit Professional' Language: 'zh' Physical Memory: 32606 MB
BatchMode: 1, IsHumanControllingUs: 0, StartBugReporterOnCrash: 0, Is64bit: 1, IsPro: 1

COMMAND LINE ARGUMENTS:
C:\Program Files\Unity\Hub\Editor\2022.3.3f1\Editor\Unity.exe
-adb2
-batchMode
-noUpm
-name
AssetImportWorker15
-projectPath
D:/NavMeshUnityChan
-logFile
Logs/AssetImportWorker15.log
-srvPort
52493
Successfully changed project path to: D:/NavMeshUnityChan
D:/NavMeshUnityChan
[UnityMemory] Configuration Parameters - Can be set up in boot.config
    "memorysetup-bucket-allocator-granularity=16"
    "memorysetup-bucket-allocator-bucket-count=8"
    "memorysetup-bucket-allocator-block-size=33554432"
    "memorysetup-bucket-allocator-block-count=8"
    "memorysetup-main-allocator-block-size=16777216"
    "memorysetup-thread-allocator-block-size=16777216"
    "memorysetup-gfx-main-allocator-block-size=16777216"
    "memorysetup-gfx-thread-allocator-block-size=16777216"
    "memorysetup-cache-allocator-block-size=4194304"
    "memorysetup-typetree-allocator-block-size=2097152"
    "memorysetup-profiler-bucket-allocator-granularity=16"
    "memorysetup-profiler-bucket-allocator-bucket-count=8"
    "memorysetup-profiler-bucket-allocator-block-size=33554432"
    "memorysetup-profiler-bucket-allocator-block-count=8"
    "memorysetup-profiler-allocator-block-size=16777216"
    "memorysetup-profiler-editor-allocator-block-size=1048576"
    "memorysetup-temp-allocator-size-main=16777216"
    "memorysetup-job-temp-allocator-block-size=2097152"
    "memorysetup-job-temp-allocator-block-size-background=1048576"
    "memorysetup-job-temp-allocator-reduction-small-platforms=262144"
    "memorysetup-allocator-temp-initial-block-size-main=262144"
    "memorysetup-allocator-temp-initial-block-size-worker=262144"
    "memorysetup-temp-allocator-size-background-worker=32768"
    "memorysetup-temp-allocator-size-job-worker=262144"
    "memorysetup-temp-allocator-size-preload-manager=33554432"
    "memorysetup-temp-allocator-size-nav-mesh-worker=65536"
    "memorysetup-temp-allocator-size-audio-worker=65536"
    "memorysetup-temp-allocator-size-cloud-worker=32768"
    "memorysetup-temp-allocator-size-gi-baking-worker=262144"
    "memorysetup-temp-allocator-size-gfx=262144"
Player connection [27076] Host "[IP] 192.168.0.148 [Port] 0 [Flags] 2 [Guid] 520499779 [EditorId] 520499779 [Version] 1048832 [Id] WindowsEditor(7,DESKTOP-KDB4562) [Debug] 1 [PackageName] WindowsEditor [ProjectName] Editor" joined multi-casting on [225.0.0.222:54997]...

Player connection [27076] Host "[IP] 192.168.0.148 [Port] 0 [Flags] 2 [Guid] 520499779 [EditorId] 520499779 [Version] 1048832 [Id] WindowsEditor(7,DESKTOP-KDB4562) [Debug] 1 [PackageName] WindowsEditor [ProjectName] Editor" joined alternative multi-casting on [225.0.0.222:34997]...

Refreshing native plugins compatible for Editor in 8.09 ms, found 3 plugins.
Preloading 0 native plugins for Editor in 0.00 ms.
Initialize engine version: 2022.3.3f1 (7cdc2969a641)
[Subsystems] Discovering subsystems at path C:/Program Files/Unity/Hub/Editor/2022.3.3f1/Editor/Data/Resources/UnitySubsystems
[Subsystems] Discovering subsystems at path D:/NavMeshUnityChan/Assets
GfxDevice: creating device client; threaded=0; jobified=0
Direct3D:
    Version:  Direct3D 11.0 [level 11.1]
    Renderer: NVIDIA GeForce RTX 3060 (ID=0x2544)
    Vendor:   NVIDIA
    VRAM:     8049 MB
    Driver:   31.0.15.3623
Initialize mono
Mono path[0] = 'C:/Program Files/Unity/Hub/Editor/2022.3.3f1/Editor/Data/Managed'
Mono path[1] = 'C:/Program Files/Unity/Hub/Editor/2022.3.3f1/Editor/Data/MonoBleedingEdge/lib/mono/unityjit-win32'
Mono config path = 'C:/Program Files/Unity/Hub/Editor/2022.3.3f1/Editor/Data/MonoBleedingEdge/etc'
Using monoOptions --debugger-agent=transport=dt_socket,embedding=1,server=y,suspend=n,address=127.0.0.1:56884
Begin MonoManager ReloadAssembly
Registering precompiled unity dll's ...
Register platform support module: C:/Program Files/Unity/Hub/Editor/2022.3.3f1/Editor/Data/PlaybackEngines/WebGLSupport/UnityEditor.WebGL.Extensions.dll
Register platform support module: C:/Program Files/Unity/Hub/Editor/2022.3.3f1/Editor/Data/PlaybackEngines/AndroidPlayer/UnityEditor.Android.Extensions.dll
Register platform support module: C:/Program Files/Unity/Hub/Editor/2022.3.3f1/Editor/Data/PlaybackEngines/iOSSupport/UnityEditor.iOS.Extensions.dll
Register platform support module: C:/Program Files/Unity/Hub/Editor/2022.3.3f1/Editor/Data/PlaybackEngines/WindowsStandaloneSupport/UnityEditor.WindowsStandalone.Extensions.dll
Registered in 0.015767 seconds.
- Loaded All Assemblies, in  0.406 seconds
Native extension for WindowsStandalone target not found
Native extension for iOS target not found
Native extension for Android target not found
Android Extension - Scanning For ADB Devices 341 ms
Native extension for WebGL target not found
Mono: successfully reloaded assembly
- Finished resetting the current domain, in  0.727 seconds
Domain Reload Profiling: 1132ms
	BeginReloadAssembly (104ms)
		ExecutionOrderSort (0ms)
		DisableScriptedObjects (0ms)
		BackupInstance (0ms)
		ReleaseScriptingObjects (0ms)
		CreateAndSetChildDomain (1ms)
	RebuildCommonClasses (39ms)
	RebuildNativeTypeToScriptingClass (12ms)
	initialDomainReloadingComplete (77ms)
	LoadAllAssembliesAndSetupDomain (171ms)
		LoadAssemblies (102ms)
		RebuildTransferFunctionScriptingTraits (0ms)
		AnalyzeDomain (163ms)
			TypeCache.Refresh (162ms)
				TypeCache.ScanAssembly (150ms)
			ScanForSourceGeneratedMonoScriptInfo (0ms)
			ResolveRequiredComponents (1ms)
	FinalizeReload (728ms)
		ReleaseScriptCaches (0ms)
		RebuildScriptCaches (0ms)
		SetupLoadedEditorAssemblies (659ms)
			LogAssemblyErrors (0ms)
			InitializePlatformSupportModulesInManaged (486ms)
			SetLoadedEditorAssemblies (5ms)
			RefreshPlugins (0ms)
			BeforeProcessingInitializeOnLoad (3ms)
			ProcessInitializeOnLoadAttributes (111ms)
			ProcessInitializeOnLoadMethodAttributes (54ms)
			AfterProcessingInitializeOnLoad (0ms)
			EditorAssembliesLoaded (0ms)
		ExecutionOrderSort2 (0ms)
		AwakeInstancesAfterBackupRestoration (0ms)
========================================================================
Worker process is ready to serve import requests
Begin MonoManager ReloadAssembly
- Loaded All Assemblies, in  0.920 seconds
Refreshing native plugins compatible for Editor in 2.94 ms, found 3 plugins.
Native extension for WindowsStandalone target not found
Native extension for iOS target not found
Native extension for Android target not found
Native extension for WebGL target not found
Package Manager log level set to [2]
[Package Manager] Server::EnsureServerProcessIsRunning -- launch failed, reason: Unity was launched with the -noUpm command-line argument
[Package Manager] UpmClient::Send -- Unable to send message (not connected to UPM process).
[Package Manager] Cannot connect to Unity Package Manager local server
Mono: successfully reloaded assembly
- Finished resetting the current domain, in  1.040 seconds
Domain Reload Profiling: 1957ms
	BeginReloadAssembly (149ms)
		ExecutionOrderSort (0ms)
		DisableScriptedObjects (7ms)
		BackupInstance (0ms)
		ReleaseScriptingObjects (0ms)
		CreateAndSetChildDomain (23ms)
	RebuildCommonClasses (38ms)
	RebuildNativeTypeToScriptingClass (13ms)
	initialDomainReloadingComplete (52ms)
	LoadAllAssembliesAndSetupDomain (665ms)
		LoadAssemblies (359ms)
		RebuildTransferFunctionScriptingTraits (0ms)
		AnalyzeDomain (378ms)
			TypeCache.Refresh (335ms)
				TypeCache.ScanAssembly (320ms)
			ScanForSourceGeneratedMonoScriptInfo (30ms)
			ResolveRequiredComponents (13ms)
	FinalizeReload (1041ms)
		ReleaseScriptCaches (0ms)
		RebuildScriptCaches (0ms)
		SetupLoadedEditorAssemblies (834ms)
			LogAssemblyErrors (0ms)
			InitializePlatformSupportModulesInManaged (44ms)
			SetLoadedEditorAssemblies (5ms)
			RefreshPlugins (0ms)
			BeforeProcessingInitializeOnLoad (146ms)
			ProcessInitializeOnLoadAttributes (556ms)
			ProcessInitializeOnLoadMethodAttributes (74ms)
			AfterProcessingInitializeOnLoad (9ms)
			EditorAssembliesLoaded (0ms)
		ExecutionOrderSort2 (0ms)
		AwakeInstancesAfterBackupRestoration (8ms)
Launched and connected shader compiler UnityShaderCompiler.exe after 0.05 seconds
Refreshing native plugins compatible for Editor in 3.52 ms, found 3 plugins.
Preloading 0 native plugins for Editor in 0.00 ms.
Unloading 5732 Unused Serialized files (Serialized files now loaded: 0)
Unloading 88 unused Assets / (471.1 KB). Loaded Objects now: 6198.
Memory consumption went from 234.6 MB to 234.2 MB.
Total: 4.875100 ms (FindLiveObjects: 1.018300 ms CreateObjectMapping: 0.258300 ms MarkObjects: 3.332400 ms  DeleteObjects: 0.264600 ms)

AssetImportParameters requested are different than current active one (requested -> active):
  custom:scripting/monoscript/fileName/UnityChanControlScriptWithRgidBody.cs: e6270e628b445f45f3b5d2688e9f7023 -> f93a5d4c41203833745f195667a8d5db
  custom:scripting/monoscript/fileName/UIVirtualTouchZone.cs: 7dc6ac3020fe6a04ec9b50f67c74e843 -> 2cf58d9131af5a78d9083ae59546d69c
  custom:container-demuxer-ogg: 62fdf1f143b41e24485cea50d1cbac27 -> 
  custom:scripting/monoscript/fileName/UIVirtualJoystick.cs: d91cd492c08816cfcd7c002f705e2a97 -> 940ec13d5cec07955291b086529e4dd6
  custom:video-decoder-ogg-theora: a1e56fd34408186e4bbccfd4996cb3dc -> 
  custom:framework-win-MediaFoundation: 216162199b28c13a410421893ffa2e32 -> 
  custom:scripting/monoscript/fileName/SplashScreen.cs: 0755d608089cbc7d0e953ccbc748a0c5 -> 6c6c37897b93bb9a6c31f7924f0ecb9c
  custom:scripting/monoscript/fileName/SpringManager.cs: 25f5f6338fac4e7e91eadc26b51fb015 -> 83e12df1a32f087b3137671bbcd8f859
  custom:scripting/monoscript/fileName/IdleChanger.cs: 0d42658b2b153f87462fd4e5e96a13ee -> e2174b8c7f90f2d49a9c826bcd31f625
  custom:scripting/monoscript/fileName/SpringBone.cs: 6c4c6f7c13ed735d821f2510cd11d40f -> e3303a561ad5a6032dae88d443f92126
  custom:container-demuxer-webm: 4f35f7cbe854078d1ac9338744f61a02 -> 
  custom:scripting/monoscript/fileName/SpringCollider.cs: b95717af7a1b7c4f1cedbda2e4581451 -> 611015d43f843d0a8a816baeac1892d3
  custom:scripting/monoscript/fileName/UIVirtualButton.cs: 52482648e6f5e190b30c7811823ff594 -> 4484a5293e7a4abb96c3b06b8d8dca11
  custom:scripting/monoscript/fileName/MobileDisableAutoSwitchControls.cs: d7ed10b4aca925877e80f08d0210b16a -> 6080624f52a6a8173325efe0ce361f18
  custom:container-muxer-webm: aa71ff27fc2769a1b78a27578f13a17b -> 
  custom:scripting/monoscript/fileName/RandomWind.cs: 2f8fa34249abdeb18b156658f50cf6b0 -> be31d0f94b239f7e0b4b46a319d3ba3b
  custom:video-decoder-webm-vp8: 9c59270c3fd7afecdb556c50c9e8de78 -> 
  custom:scripting/monoscript/fileName/AutoBlink.cs: c4896b0bc763e45116fcb71524820395 -> e719fce70f46c90402d12ff39a4f7365
  custom:scripting/monoscript/fileName/IKCtrlRightHand.cs: af5a857eb9c61b41538bf9623698a2d1 -> 3af9bf3fc39d24bcbc842065abcef555
  custom:scripting/monoscript/fileName/FillValueNumber.cs: 326b179cbaad6ca8a61b0b1d24b8ae23 -> 15652520cfe53de9da2e810de6bdd843
  custom:AudioImporter_EditorPlatform: d09bf68614088b80899f8185d706f6e7 -> 
  custom:scripting/monoscript/fileName/UICanvasControllerInput.cs: 2cdef807cafca6682627d2fff45745d7 -> efbd76725fe032d832a1837ce36804c3
  custom:scripting/monoscript/fileName/BasicRigidBodyPush.cs: 81692452d1a6b6b5ab4a950852e5937c -> 834b632457fae9d11b7ee6ae6006cbf8
  custom:scripting/monoscript/fileName/FaceUpdate.cs: 936c881d460b8437fb80f048d1ed5d71 -> cab0fb8c8d65ae2e8ae8c5b3a02b4d4b
  custom:scripting/monoscript/fileName/CameraController.cs: aec47e38b39d8189645743359554ec01 -> 237eb1ea9a4c37f8fb087ea1161536eb
  custom:video-encoder-webm-vp8: eb34c28f22e8b96e1ab97ce403110664 -> 
  custom:audio-decoder-ogg-vorbis: bf7c407c2cedff20999df2af8eb42d56 -> 
  custom:scripting/monoscript/fileName/StarterAssetsInputs.cs: a7e8a1b91929a93d3b5a09196688da9f -> 109cc5d80cf92b9046134880b5edcf1b
  custom:scripting/monoscript/fileName/ThirdPersonCamera.cs: 89540b84413d3214a0393df626fc7e4d -> 35de7e6ba15e5b9fdadcda09253e7a10
  custom:scripting/monoscript/fileName/FirstPersonController.cs: 8b12a276978159c5862f93090c29bfa5 -> a84db48f9c6674dd2c91a1d423e221b3
  custom:audio-encoder-webm-vorbis: bf7c407c2cedff20999df2af8eb42d56 -> 
  custom:scripting/monoscript/fileName/CreateLocatorHere.cs: 098e9e1de058b87e40168482a0f4c62f -> eabea7a256020b5a9700a1f9ac468b65
========================================================================
Received Import Request.
  Time since last request: 687032.160059 seconds.
  path: Assets/ThirdParty/UnityChanSSU/Models/UnitychanSSU/Materials/Textures/UCSSU_Hoodie_LED.psd
  artifactKey: Guid(d5e4748def1cb784cbc8b1ea11a553c8) Importer(815301076,1909f56bfc062723c751e8b465ee728b)
Start importing Assets/ThirdParty/UnityChanSSU/Models/UnitychanSSU/Materials/Textures/UCSSU_Hoodie_LED.psd using Guid(d5e4748def1cb784cbc8b1ea11a553c8) Importer(815301076,1909f56bfc062723c751e8b465ee728b)  -> (artifact id: 'f39f0bb57a4405e1ac190cc5edbfbb21') in 0.029710 seconds
Number of updated asset objects reloaded before import = 0
Number of asset objects unloaded after import = 1
========================================================================
Received Import Request.
  Time since last request: 1.104893 seconds.
  path: Assets/ThirdParty/UnityChanSSU/Models/UnitychanSSU/Materials/Textures/UCSSU_Shirt_BK.psd
  artifactKey: Guid(91175197847764b4c86b6583bf8795f4) Importer(815301076,1909f56bfc062723c751e8b465ee728b)
Start importing Assets/ThirdParty/UnityChanSSU/Models/UnitychanSSU/Materials/Textures/UCSSU_Shirt_BK.psd using Guid(91175197847764b4c86b6583bf8795f4) Importer(815301076,1909f56bfc062723c751e8b465ee728b)  -> (artifact id: '2b4d140a12c7a89abdea41860ba94326') in 0.238820 seconds
Number of updated asset objects reloaded before import = 0
Number of asset objects unloaded after import = 1
========================================================================
Received Import Request.
  Time since last request: 0.000065 seconds.
  path: Assets/ThirdParty/UnityChanSSU/Models/UnitychanSSU/Materials/Textures/UCSSU_Shirt2a.psd
  artifactKey: Guid(2a8dd049da2b7ea4f91fa650087b597a) Importer(815301076,1909f56bfc062723c751e8b465ee728b)
Start importing Assets/ThirdParty/UnityChanSSU/Models/UnitychanSSU/Materials/Textures/UCSSU_Shirt2a.psd using Guid(2a8dd049da2b7ea4f91fa650087b597a) Importer(815301076,1909f56bfc062723c751e8b465ee728b)  -> (artifact id: 'd776fbdf778a99d446ffe3a99ca95dd7') in 0.069462 seconds
Number of updated asset objects reloaded before import = 0
Number of asset objects unloaded after import = 1
========================================================================
Received Import Request.
  Time since last request: 4.850076 seconds.
  path: Assets/ThirdParty/UnityChanSSU/Models/UnitychanSSU/Materials/Textures
  artifactKey: Guid(77361112363c7b54cb18c505aec57c3b) Importer(815301076,1909f56bfc062723c751e8b465ee728b)
Start importing Assets/ThirdParty/UnityChanSSU/Models/UnitychanSSU/Materials/Textures using Guid(77361112363c7b54cb18c505aec57c3b) Importer(815301076,1909f56bfc062723c751e8b465ee728b)  -> (artifact id: 'afe65d2628f464c142ce49dd10a38e95') in 0.000607 seconds
Number of updated asset objects reloaded before import = 0
Number of asset objects unloaded after import = 0
========================================================================
Received Import Request.
  Time since last request: 100.628400 seconds.
  path: Assets/ThirdParty/unity-chan!/Unity-chan! Model/Art/Animations
  artifactKey: Guid(74bcda471467838418c210cd804e4978) Importer(815301076,1909f56bfc062723c751e8b465ee728b)
Start importing Assets/ThirdParty/unity-chan!/Unity-chan! Model/Art/Animations using Guid(74bcda471467838418c210cd804e4978) Importer(815301076,1909f56bfc062723c751e8b465ee728b)  -> (artifact id: '40f9cbb937ac53f236e62d752c4438ba') in 0.000657 seconds
Number of updated asset objects reloaded before import = 0
Number of asset objects unloaded after import = 0
========================================================================
Received Import Request.
  Time since last request: 89.353881 seconds.
  path: Assets/ThirdParty/UnityChanSSU/Skybox/nDxStudio.psd
  artifactKey: Guid(67b92ae31948acb42bfa5ef5e2e26cae) Importer(815301076,1909f56bfc062723c751e8b465ee728b)
Start importing Assets/ThirdParty/UnityChanSSU/Skybox/nDxStudio.psd using Guid(67b92ae31948acb42bfa5ef5e2e26cae) Importer(815301076,1909f56bfc062723c751e8b465ee728b)  -> (artifact id: '8d4c9e904d381bb8f73d0c78cda8fce3') in 0.579708 seconds
Number of updated asset objects reloaded before import = 0
Number of asset objects unloaded after import = 1
========================================================================
Received Prepare
Begin MonoManager ReloadAssembly
- Loaded All Assemblies, in  0.857 seconds
Refreshing native plugins compatible for Editor in 3.58 ms, found 3 plugins.
Native extension for WindowsStandalone target not found
Native extension for iOS target not found
Native extension for Android target not found
Native extension for WebGL target not found
[Package Manager] Server::EnsureServerProcessIsRunning -- launch failed, reason: Unity was launched with the -noUpm command-line argument
[Package Manager] UpmClient::Send -- Unable to send message (not connected to UPM process).
[Package Manager] Cannot connect to Unity Package Manager local server
Mono: successfully reloaded assembly
- Finished resetting the current domain, in  1.370 seconds
Domain Reload Profiling: 2224ms
	BeginReloadAssembly (163ms)
		ExecutionOrderSort (0ms)
		DisableScriptedObjects (6ms)
		BackupInstance (0ms)
		ReleaseScriptingObjects (0ms)
		CreateAndSetChildDomain (41ms)
	RebuildCommonClasses (35ms)
	RebuildNativeTypeToScriptingClass (13ms)
	initialDomainReloadingComplete (35ms)
	LoadAllAssembliesAndSetupDomain (607ms)
		LoadAssemblies (356ms)
		RebuildTransferFunctionScriptingTraits (0ms)
		AnalyzeDomain (327ms)
			TypeCache.Refresh (312ms)
				TypeCache.ScanAssembly (300ms)
			ScanForSourceGeneratedMonoScriptInfo (0ms)
			ResolveRequiredComponents (14ms)
	FinalizeReload (1371ms)
		ReleaseScriptCaches (0ms)
		RebuildScriptCaches (0ms)
		SetupLoadedEditorAssemblies (758ms)
			LogAssemblyErrors (0ms)
			InitializePlatformSupportModulesInManaged (46ms)
			SetLoadedEditorAssemblies (5ms)
			RefreshPlugins (0ms)
			BeforeProcessingInitializeOnLoad (143ms)
			ProcessInitializeOnLoadAttributes (482ms)
			ProcessInitializeOnLoadMethodAttributes (72ms)
			AfterProcessingInitializeOnLoad (9ms)
			EditorAssembliesLoaded (0ms)
		ExecutionOrderSort2 (0ms)
		AwakeInstancesAfterBackupRestoration (28ms)
Refreshing native plugins compatible for Editor in 3.26 ms, found 3 plugins.
Preloading 0 native plugins for Editor in 0.00 ms.
Unloading 5563 Unused Serialized files (Serialized files now loaded: 0)
Unloading 43 unused Assets / (438.0 KB). Loaded Objects now: 6215.
Memory consumption went from 204.0 MB to 203.5 MB.
Total: 4.326500 ms (FindLiveObjects: 0.755800 ms CreateObjectMapping: 0.295500 ms MarkObjects: 3.152000 ms  DeleteObjects: 0.122200 ms)

Prepare: number of updated asset objects reloaded= 0
AssetImportParameters requested are different than current active one (requested -> active):
  custom:scripting/monoscript/fileName/UnityChanControlScriptWithRgidBody.cs: e6270e628b445f45f3b5d2688e9f7023 -> f93a5d4c41203833745f195667a8d5db
  custom:scripting/monoscript/fileName/UIVirtualTouchZone.cs: 7dc6ac3020fe6a04ec9b50f67c74e843 -> 2cf58d9131af5a78d9083ae59546d69c
  custom:container-demuxer-ogg: 62fdf1f143b41e24485cea50d1cbac27 -> 
  custom:scripting/monoscript/fileName/UIVirtualJoystick.cs: d91cd492c08816cfcd7c002f705e2a97 -> 940ec13d5cec07955291b086529e4dd6
  custom:video-decoder-ogg-theora: a1e56fd34408186e4bbccfd4996cb3dc -> 
  custom:framework-win-MediaFoundation: 216162199b28c13a410421893ffa2e32 -> 
  custom:scripting/monoscript/fileName/SplashScreen.cs: 0755d608089cbc7d0e953ccbc748a0c5 -> 6c6c37897b93bb9a6c31f7924f0ecb9c
  custom:scripting/monoscript/fileName/SpringManager.cs: 25f5f6338fac4e7e91eadc26b51fb015 -> 83e12df1a32f087b3137671bbcd8f859
  custom:scripting/monoscript/fileName/IdleChanger.cs: 0d42658b2b153f87462fd4e5e96a13ee -> e2174b8c7f90f2d49a9c826bcd31f625
  custom:scripting/monoscript/fileName/SpringBone.cs: 6c4c6f7c13ed735d821f2510cd11d40f -> e3303a561ad5a6032dae88d443f92126
  custom:container-demuxer-webm: 4f35f7cbe854078d1ac9338744f61a02 -> 
  custom:scripting/monoscript/fileName/SpringCollider.cs: b95717af7a1b7c4f1cedbda2e4581451 -> 611015d43f843d0a8a816baeac1892d3
  custom:scripting/monoscript/fileName/UIVirtualButton.cs: 52482648e6f5e190b30c7811823ff594 -> 4484a5293e7a4abb96c3b06b8d8dca11
  custom:scripting/monoscript/fileName/MobileDisableAutoSwitchControls.cs: d7ed10b4aca925877e80f08d0210b16a -> 6080624f52a6a8173325efe0ce361f18
  custom:container-muxer-webm: aa71ff27fc2769a1b78a27578f13a17b -> 
  custom:scripting/monoscript/fileName/RandomWind.cs: 2f8fa34249abdeb18b156658f50cf6b0 -> be31d0f94b239f7e0b4b46a319d3ba3b
  custom:video-decoder-webm-vp8: 9c59270c3fd7afecdb556c50c9e8de78 -> 
  custom:scripting/monoscript/fileName/AutoBlink.cs: c4896b0bc763e45116fcb71524820395 -> e719fce70f46c90402d12ff39a4f7365
  custom:scripting/monoscript/fileName/IKCtrlRightHand.cs: af5a857eb9c61b41538bf9623698a2d1 -> 3af9bf3fc39d24bcbc842065abcef555
  custom:scripting/monoscript/fileName/FillValueNumber.cs: 326b179cbaad6ca8a61b0b1d24b8ae23 -> 15652520cfe53de9da2e810de6bdd843
  custom:AudioImporter_EditorPlatform: d09bf68614088b80899f8185d706f6e7 -> 
  custom:scripting/monoscript/fileName/UICanvasControllerInput.cs: 2cdef807cafca6682627d2fff45745d7 -> efbd76725fe032d832a1837ce36804c3
  custom:scripting/monoscript/fileName/BasicRigidBodyPush.cs: 81692452d1a6b6b5ab4a950852e5937c -> 834b632457fae9d11b7ee6ae6006cbf8
  custom:scripting/monoscript/fileName/FaceUpdate.cs: 936c881d460b8437fb80f048d1ed5d71 -> cab0fb8c8d65ae2e8ae8c5b3a02b4d4b
  custom:scripting/monoscript/fileName/CameraController.cs: aec47e38b39d8189645743359554ec01 -> 237eb1ea9a4c37f8fb087ea1161536eb
  custom:video-encoder-webm-vp8: eb34c28f22e8b96e1ab97ce403110664 -> 
  custom:audio-decoder-ogg-vorbis: bf7c407c2cedff20999df2af8eb42d56 -> 
  custom:scripting/monoscript/fileName/StarterAssetsInputs.cs: a7e8a1b91929a93d3b5a09196688da9f -> 109cc5d80cf92b9046134880b5edcf1b
  custom:scripting/monoscript/fileName/ThirdPersonCamera.cs: 89540b84413d3214a0393df626fc7e4d -> 35de7e6ba15e5b9fdadcda09253e7a10
  custom:scripting/monoscript/fileName/FirstPersonController.cs: 8b12a276978159c5862f93090c29bfa5 -> a84db48f9c6674dd2c91a1d423e221b3
  custom:audio-encoder-webm-vorbis: bf7c407c2cedff20999df2af8eb42d56 -> 
  custom:scripting/monoscript/fileName/CreateLocatorHere.cs: 098e9e1de058b87e40168482a0f4c62f -> eabea7a256020b5a9700a1f9ac468b65
========================================================================
Received Import Request.
  Time since last request: 105.116508 seconds.
  path: Assets/ThirdParty/UnityChanSSU/Timelines/UnityChanSSU.playable
  artifactKey: Guid(e623df1495e8c044aa234c1c48cf32da) Importer(815301076,1909f56bfc062723c751e8b465ee728b)
Start importing Assets/ThirdParty/UnityChanSSU/Timelines/UnityChanSSU.playable using Guid(e623df1495e8c044aa234c1c48cf32da) Importer(815301076,1909f56bfc062723c751e8b465ee728b)  -> (artifact id: 'c918829426b80d890c65cfbe107cdb67') in 0.056208 seconds
Number of updated asset objects reloaded before import = 0
Number of asset objects unloaded after import = 121
========================================================================
Received Import Request.
  Time since last request: 161.836695 seconds.
  path: Assets/ThirdParty/UnityChanSSU/Animations/C86unitychan_003_NOT01_Final.fbx
  artifactKey: Guid(dfdd91493969f584ca7e83550fc43031) Importer(815301076,1909f56bfc062723c751e8b465ee728b)
Start importing Assets/ThirdParty/UnityChanSSU/Animations/C86unitychan_003_NOT01_Final.fbx using Guid(dfdd91493969f584ca7e83550fc43031) Importer(815301076,1909f56bfc062723c751e8b465ee728b)  -> (artifact id: 'e251313b07950b062a7a581b4c15a534') in 0.022954 seconds
Number of updated asset objects reloaded before import = 0
Number of asset objects unloaded after import = 288
========================================================================
Received Import Request.
  Time since last request: 26.094338 seconds.
  path: Assets/ThirdParty/UnityChanSSU/Scenes
  artifactKey: Guid(4c2c6174802fd401d99666adebf4ec76) Importer(815301076,1909f56bfc062723c751e8b465ee728b)
Start importing Assets/ThirdParty/UnityChanSSU/Scenes using Guid(4c2c6174802fd401d99666adebf4ec76) Importer(815301076,1909f56bfc062723c751e8b465ee728b)  -> (artifact id: '37956af459c8a9c4af325e0eb425f1cc') in 0.000540 seconds
Number of updated asset objects reloaded before import = 0
Number of asset objects unloaded after import = 0
========================================================================
Received Import Request.
  Time since last request: 0.724413 seconds.
  path: Assets/ThirdParty/UnityChanSSU/Scenes/UnityChanSSU.unity
  artifactKey: Guid(afc1d993ccb5f47c5ac11fa6e6423a94) Importer(815301076,1909f56bfc062723c751e8b465ee728b)
Start importing Assets/ThirdParty/UnityChanSSU/Scenes/UnityChanSSU.unity using Guid(afc1d993ccb5f47c5ac11fa6e6423a94) Importer(815301076,1909f56bfc062723c751e8b465ee728b)  -> (artifact id: '87d0e7589fc95eaf54f0ff3f90ebba92') in 0.000579 seconds
Number of updated asset objects reloaded before import = 0
Number of asset objects unloaded after import = 0
========================================================================
Received Prepare
Begin MonoManager ReloadAssembly
- Loaded All Assemblies, in  0.854 seconds
Refreshing native plugins compatible for Editor in 3.55 ms, found 3 plugins.
Native extension for WindowsStandalone target not found
Native extension for iOS target not found
Native extension for Android target not found
Native extension for WebGL target not found
[Package Manager] Server::EnsureServerProcessIsRunning -- launch failed, reason: Unity was launched with the -noUpm command-line argument
[Package Manager] UpmClient::Send -- Unable to send message (not connected to UPM process).
[Package Manager] Cannot connect to Unity Package Manager local server
Mono: successfully reloaded assembly
- Finished resetting the current domain, in  1.403 seconds
Domain Reload Profiling: 2254ms
	BeginReloadAssembly (162ms)
		ExecutionOrderSort (0ms)
		DisableScriptedObjects (6ms)
		BackupInstance (0ms)
		ReleaseScriptingObjects (0ms)
		CreateAndSetChildDomain (41ms)
	RebuildCommonClasses (35ms)
	RebuildNativeTypeToScriptingClass (13ms)
	initialDomainReloadingComplete (36ms)
	LoadAllAssembliesAndSetupDomain (604ms)
		LoadAssemblies (350ms)
		RebuildTransferFunctionScriptingTraits (0ms)
		AnalyzeDomain (326ms)
			TypeCache.Refresh (313ms)
				TypeCache.ScanAssembly (300ms)
			ScanForSourceGeneratedMonoScriptInfo (0ms)
			ResolveRequiredComponents (14ms)
	FinalizeReload (1404ms)
		ReleaseScriptCaches (0ms)
		RebuildScriptCaches (0ms)
		SetupLoadedEditorAssemblies (769ms)
			LogAssemblyErrors (0ms)
			InitializePlatformSupportModulesInManaged (45ms)
			SetLoadedEditorAssemblies (7ms)
			RefreshPlugins (0ms)
			BeforeProcessingInitializeOnLoad (148ms)
			ProcessInitializeOnLoadAttributes (485ms)
			ProcessInitializeOnLoadMethodAttributes (74ms)
			AfterProcessingInitializeOnLoad (10ms)
			EditorAssembliesLoaded (0ms)
		ExecutionOrderSort2 (0ms)
		AwakeInstancesAfterBackupRestoration (22ms)
Refreshing native plugins compatible for Editor in 3.26 ms, found 3 plugins.
Preloading 0 native plugins for Editor in 0.00 ms.
Unloading 5563 Unused Serialized files (Serialized files now loaded: 0)
Unloading 43 unused Assets / (438.1 KB). Loaded Objects now: 6231.
Memory consumption went from 204.0 MB to 203.6 MB.
Total: 4.393900 ms (FindLiveObjects: 0.805700 ms CreateObjectMapping: 0.266400 ms MarkObjects: 3.176600 ms  DeleteObjects: 0.143900 ms)

Prepare: number of updated asset objects reloaded= 0
AssetImportParameters requested are different than current active one (requested -> active):
  custom:scripting/monoscript/fileName/UnityChanControlScriptWithRgidBody.cs: e6270e628b445f45f3b5d2688e9f7023 -> f93a5d4c41203833745f195667a8d5db
  custom:scripting/monoscript/fileName/UIVirtualTouchZone.cs: 7dc6ac3020fe6a04ec9b50f67c74e843 -> 2cf58d9131af5a78d9083ae59546d69c
  custom:container-demuxer-ogg: 62fdf1f143b41e24485cea50d1cbac27 -> 
  custom:scripting/monoscript/fileName/UIVirtualJoystick.cs: d91cd492c08816cfcd7c002f705e2a97 -> 940ec13d5cec07955291b086529e4dd6
  custom:video-decoder-ogg-theora: a1e56fd34408186e4bbccfd4996cb3dc -> 
  custom:framework-win-MediaFoundation: 216162199b28c13a410421893ffa2e32 -> 
  custom:scripting/monoscript/fileName/SplashScreen.cs: 0755d608089cbc7d0e953ccbc748a0c5 -> 6c6c37897b93bb9a6c31f7924f0ecb9c
  custom:scripting/monoscript/fileName/SpringManager.cs: 25f5f6338fac4e7e91eadc26b51fb015 -> 83e12df1a32f087b3137671bbcd8f859
  custom:scripting/monoscript/fileName/IdleChanger.cs: 0d42658b2b153f87462fd4e5e96a13ee -> e2174b8c7f90f2d49a9c826bcd31f625
  custom:scripting/monoscript/fileName/SpringBone.cs: 6c4c6f7c13ed735d821f2510cd11d40f -> e3303a561ad5a6032dae88d443f92126
  custom:container-demuxer-webm: 4f35f7cbe854078d1ac9338744f61a02 -> 
  custom:scripting/monoscript/fileName/SpringCollider.cs: b95717af7a1b7c4f1cedbda2e4581451 -> 611015d43f843d0a8a816baeac1892d3
  custom:scripting/monoscript/fileName/UIVirtualButton.cs: 52482648e6f5e190b30c7811823ff594 -> 4484a5293e7a4abb96c3b06b8d8dca11
  custom:scripting/monoscript/fileName/MobileDisableAutoSwitchControls.cs: d7ed10b4aca925877e80f08d0210b16a -> 6080624f52a6a8173325efe0ce361f18
  custom:container-muxer-webm: aa71ff27fc2769a1b78a27578f13a17b -> 
  custom:scripting/monoscript/fileName/RandomWind.cs: 2f8fa34249abdeb18b156658f50cf6b0 -> be31d0f94b239f7e0b4b46a319d3ba3b
  custom:video-decoder-webm-vp8: 9c59270c3fd7afecdb556c50c9e8de78 -> 
  custom:scripting/monoscript/fileName/AutoBlink.cs: c4896b0bc763e45116fcb71524820395 -> e719fce70f46c90402d12ff39a4f7365
  custom:scripting/monoscript/fileName/IKCtrlRightHand.cs: af5a857eb9c61b41538bf9623698a2d1 -> 3af9bf3fc39d24bcbc842065abcef555
  custom:scripting/monoscript/fileName/FillValueNumber.cs: 326b179cbaad6ca8a61b0b1d24b8ae23 -> 15652520cfe53de9da2e810de6bdd843
  custom:AudioImporter_EditorPlatform: d09bf68614088b80899f8185d706f6e7 -> 
  custom:scripting/monoscript/fileName/UICanvasControllerInput.cs: 2cdef807cafca6682627d2fff45745d7 -> efbd76725fe032d832a1837ce36804c3
  custom:scripting/monoscript/fileName/BasicRigidBodyPush.cs: 81692452d1a6b6b5ab4a950852e5937c -> 834b632457fae9d11b7ee6ae6006cbf8
  custom:scripting/monoscript/fileName/FaceUpdate.cs: 936c881d460b8437fb80f048d1ed5d71 -> cab0fb8c8d65ae2e8ae8c5b3a02b4d4b
  custom:scripting/monoscript/fileName/CameraController.cs: aec47e38b39d8189645743359554ec01 -> 237eb1ea9a4c37f8fb087ea1161536eb
  custom:video-encoder-webm-vp8: eb34c28f22e8b96e1ab97ce403110664 -> 
  custom:audio-decoder-ogg-vorbis: bf7c407c2cedff20999df2af8eb42d56 -> 
  custom:scripting/monoscript/fileName/StarterAssetsInputs.cs: a7e8a1b91929a93d3b5a09196688da9f -> 109cc5d80cf92b9046134880b5edcf1b
  custom:scripting/monoscript/fileName/ThirdPersonCamera.cs: 89540b84413d3214a0393df626fc7e4d -> 35de7e6ba15e5b9fdadcda09253e7a10
  custom:scripting/monoscript/fileName/FirstPersonController.cs: 8b12a276978159c5862f93090c29bfa5 -> a84db48f9c6674dd2c91a1d423e221b3
  custom:audio-encoder-webm-vorbis: bf7c407c2cedff20999df2af8eb42d56 -> 
  custom:scripting/monoscript/fileName/CreateLocatorHere.cs: 098e9e1de058b87e40168482a0f4c62f -> eabea7a256020b5a9700a1f9ac468b65
========================================================================
Received Import Request.
  Time since last request: 97.034048 seconds.
  path: Assets/ThirdParty/UnityChanSSU/Shader/Shader Graph
  artifactKey: Guid(7df3d1928f9fe4203a34467b7c98e5d6) Importer(815301076,1909f56bfc062723c751e8b465ee728b)
Start importing Assets/ThirdParty/UnityChanSSU/Shader/Shader Graph using Guid(7df3d1928f9fe4203a34467b7c98e5d6) Importer(815301076,1909f56bfc062723c751e8b465ee728b)  -> (artifact id: '2b8cf9abaffa4e49d999503de0218cc9') in 0.006409 seconds
Number of updated asset objects reloaded before import = 0
Number of asset objects unloaded after import = 0
========================================================================
Received Import Request.
  Time since last request: 0.029318 seconds.
  path: Assets/ThirdParty/UnityChanSSU/Shader/Shader Graph/Grid.ShaderSubGraph
  artifactKey: Guid(f2ff61a18444547458ea8849584f6bec) Importer(815301076,1909f56bfc062723c751e8b465ee728b)
Start importing Assets/ThirdParty/UnityChanSSU/Shader/Shader Graph/Grid.ShaderSubGraph using Guid(f2ff61a18444547458ea8849584f6bec) Importer(815301076,1909f56bfc062723c751e8b465ee728b)  -> (artifact id: '9e2751f104fb08eeb7c2ff07943920cf') in 0.003636 seconds
Number of updated asset objects reloaded before import = 0
Number of asset objects unloaded after import = 1
========================================================================
Received Import Request.
  Time since last request: 3.971852 seconds.
  path: Assets/ThirdParty/UnityChanSSU/Shader/Textures
  artifactKey: Guid(511875af4744b4f4cb7a7307351eaa3b) Importer(815301076,1909f56bfc062723c751e8b465ee728b)
Start importing Assets/ThirdParty/UnityChanSSU/Shader/Textures using Guid(511875af4744b4f4cb7a7307351eaa3b) Importer(815301076,1909f56bfc062723c751e8b465ee728b)  -> (artifact id: '6e9df63dc63ce95e6249af646e6b0706') in 0.000554 seconds
Number of updated asset objects reloaded before import = 0
Number of asset objects unloaded after import = 0
========================================================================
Received Import Request.
  Time since last request: 0.041437 seconds.
  path: Assets/ThirdParty/UnityChanSSU/Shader/Textures/Gradation_A01.psd
  artifactKey: Guid(14fe69c3bd004dd4dbd5aa951f095812) Importer(815301076,1909f56bfc062723c751e8b465ee728b)
Start importing Assets/ThirdParty/UnityChanSSU/Shader/Textures/Gradation_A01.psd using Guid(14fe69c3bd004dd4dbd5aa951f095812) Importer(815301076,1909f56bfc062723c751e8b465ee728b)  -> (artifact id: 'd4d72fe0f430e5cfe256f4304fa72a27') in 0.010532 seconds
Number of updated asset objects reloaded before import = 0
Number of asset objects unloaded after import = 1
========================================================================
Received Import Request.
  Time since last request: 121.062256 seconds.
  path: Assets/Scenes/Init.unity
  artifactKey: Guid(99c9720ab356a0642a771bea13969a05) Importer(815301076,1909f56bfc062723c751e8b465ee728b)
Start importing Assets/Scenes/Init.unity using Guid(99c9720ab356a0642a771bea13969a05) Importer(815301076,1909f56bfc062723c751e8b465ee728b)  -> (artifact id: 'b1abc1754c757f2cd310e87ac58cfb54') in 0.000730 seconds
Number of updated asset objects reloaded before import = 0
Number of asset objects unloaded after import = 0
========================================================================
Received Import Request.
  Time since last request: 22.046965 seconds.
  path: Assets/ThirdParty/unity-chan!/Unity-chan! Model/Art/Animations/Animators/UnityChanLocomotions.controller
  artifactKey: Guid(8d5a0e0d58f4e4176a844a1a03976c19) Importer(815301076,1909f56bfc062723c751e8b465ee728b)
Start importing Assets/ThirdParty/unity-chan!/Unity-chan! Model/Art/Animations/Animators/UnityChanLocomotions.controller using Guid(8d5a0e0d58f4e4176a844a1a03976c19) Importer(815301076,1909f56bfc062723c751e8b465ee728b)  -> (artifact id: 'b1cc15e5aa2bf8c8877ac3e2e5299dad') in 0.044074 seconds
Number of updated asset objects reloaded before import = 0
Number of asset objects unloaded after import = 66
========================================================================
Received Prepare
Begin MonoManager ReloadAssembly
- Loaded All Assemblies, in  0.859 seconds
Refreshing native plugins compatible for Editor in 3.46 ms, found 3 plugins.
Native extension for WindowsStandalone target not found
Native extension for iOS target not found
Native extension for Android target not found
Native extension for WebGL target not found
[Package Manager] Server::EnsureServerProcessIsRunning -- launch failed, reason: Unity was launched with the -noUpm command-line argument
[Package Manager] UpmClient::Send -- Unable to send message (not connected to UPM process).
[Package Manager] Cannot connect to Unity Package Manager local server
Mono: successfully reloaded assembly
- Finished resetting the current domain, in  1.372 seconds
Domain Reload Profiling: 2228ms
	BeginReloadAssembly (161ms)
		ExecutionOrderSort (0ms)
		DisableScriptedObjects (6ms)
		BackupInstance (0ms)
		ReleaseScriptingObjects (0ms)
		CreateAndSetChildDomain (42ms)
	RebuildCommonClasses (36ms)
	RebuildNativeTypeToScriptingClass (14ms)
	initialDomainReloadingComplete (35ms)
	LoadAllAssembliesAndSetupDomain (610ms)
		LoadAssemblies (353ms)
		RebuildTransferFunctionScriptingTraits (0ms)
		AnalyzeDomain (329ms)
			TypeCache.Refresh (315ms)
				TypeCache.ScanAssembly (303ms)
			ScanForSourceGeneratedMonoScriptInfo (0ms)
			ResolveRequiredComponents (14ms)
	FinalizeReload (1373ms)
		ReleaseScriptCaches (0ms)
		RebuildScriptCaches (0ms)
		SetupLoadedEditorAssemblies (762ms)
			LogAssemblyErrors (0ms)
			InitializePlatformSupportModulesInManaged (47ms)
			SetLoadedEditorAssemblies (5ms)
			RefreshPlugins (0ms)
			BeforeProcessingInitializeOnLoad (145ms)
			ProcessInitializeOnLoadAttributes (481ms)
			ProcessInitializeOnLoadMethodAttributes (73ms)
			AfterProcessingInitializeOnLoad (10ms)
			EditorAssembliesLoaded (0ms)
		ExecutionOrderSort2 (0ms)
		AwakeInstancesAfterBackupRestoration (24ms)
Refreshing native plugins compatible for Editor in 3.70 ms, found 3 plugins.
Preloading 0 native plugins for Editor in 0.00 ms.
Unloading 5563 Unused Serialized files (Serialized files now loaded: 0)
Unloading 43 unused Assets / (438.1 KB). Loaded Objects now: 6247.
Memory consumption went from 204.0 MB to 203.6 MB.
Total: 4.438200 ms (FindLiveObjects: 0.782000 ms CreateObjectMapping: 0.245600 ms MarkObjects: 3.272700 ms  DeleteObjects: 0.136600 ms)

Prepare: number of updated asset objects reloaded= 0
AssetImportParameters requested are different than current active one (requested -> active):
  custom:scripting/monoscript/fileName/UnityChanControlScriptWithRgidBody.cs: e6270e628b445f45f3b5d2688e9f7023 -> f93a5d4c41203833745f195667a8d5db
  custom:scripting/monoscript/fileName/UIVirtualTouchZone.cs: 7dc6ac3020fe6a04ec9b50f67c74e843 -> 2cf58d9131af5a78d9083ae59546d69c
  custom:container-demuxer-ogg: 62fdf1f143b41e24485cea50d1cbac27 -> 
  custom:scripting/monoscript/fileName/UIVirtualJoystick.cs: d91cd492c08816cfcd7c002f705e2a97 -> 940ec13d5cec07955291b086529e4dd6
  custom:video-decoder-ogg-theora: a1e56fd34408186e4bbccfd4996cb3dc -> 
  custom:framework-win-MediaFoundation: 216162199b28c13a410421893ffa2e32 -> 
  custom:scripting/monoscript/fileName/SplashScreen.cs: 0755d608089cbc7d0e953ccbc748a0c5 -> 6c6c37897b93bb9a6c31f7924f0ecb9c
  custom:scripting/monoscript/fileName/SpringManager.cs: 25f5f6338fac4e7e91eadc26b51fb015 -> 83e12df1a32f087b3137671bbcd8f859
  custom:scripting/monoscript/fileName/IdleChanger.cs: 0d42658b2b153f87462fd4e5e96a13ee -> e2174b8c7f90f2d49a9c826bcd31f625
  custom:scripting/monoscript/fileName/SpringBone.cs: 6c4c6f7c13ed735d821f2510cd11d40f -> e3303a561ad5a6032dae88d443f92126
  custom:container-demuxer-webm: 4f35f7cbe854078d1ac9338744f61a02 -> 
  custom:scripting/monoscript/fileName/SpringCollider.cs: b95717af7a1b7c4f1cedbda2e4581451 -> 611015d43f843d0a8a816baeac1892d3
  custom:scripting/monoscript/fileName/UIVirtualButton.cs: 52482648e6f5e190b30c7811823ff594 -> 4484a5293e7a4abb96c3b06b8d8dca11
  custom:scripting/monoscript/fileName/MobileDisableAutoSwitchControls.cs: d7ed10b4aca925877e80f08d0210b16a -> 6080624f52a6a8173325efe0ce361f18
  custom:container-muxer-webm: aa71ff27fc2769a1b78a27578f13a17b -> 
  custom:scripting/monoscript/fileName/RandomWind.cs: 2f8fa34249abdeb18b156658f50cf6b0 -> be31d0f94b239f7e0b4b46a319d3ba3b
  custom:video-decoder-webm-vp8: 9c59270c3fd7afecdb556c50c9e8de78 -> 
  custom:scripting/monoscript/fileName/AutoBlink.cs: c4896b0bc763e45116fcb71524820395 -> e719fce70f46c90402d12ff39a4f7365
  custom:scripting/monoscript/fileName/IKCtrlRightHand.cs: af5a857eb9c61b41538bf9623698a2d1 -> 3af9bf3fc39d24bcbc842065abcef555
  custom:scripting/monoscript/fileName/FillValueNumber.cs: 326b179cbaad6ca8a61b0b1d24b8ae23 -> 15652520cfe53de9da2e810de6bdd843
  custom:AudioImporter_EditorPlatform: d09bf68614088b80899f8185d706f6e7 -> 
  custom:scripting/monoscript/fileName/UICanvasControllerInput.cs: 2cdef807cafca6682627d2fff45745d7 -> efbd76725fe032d832a1837ce36804c3
  custom:scripting/monoscript/fileName/BasicRigidBodyPush.cs: 81692452d1a6b6b5ab4a950852e5937c -> 834b632457fae9d11b7ee6ae6006cbf8
  custom:scripting/monoscript/fileName/FaceUpdate.cs: 936c881d460b8437fb80f048d1ed5d71 -> cab0fb8c8d65ae2e8ae8c5b3a02b4d4b
  custom:scripting/monoscript/fileName/CameraController.cs: aec47e38b39d8189645743359554ec01 -> 237eb1ea9a4c37f8fb087ea1161536eb
  custom:video-encoder-webm-vp8: eb34c28f22e8b96e1ab97ce403110664 -> 
  custom:audio-decoder-ogg-vorbis: bf7c407c2cedff20999df2af8eb42d56 -> 
  custom:scripting/monoscript/fileName/StarterAssetsInputs.cs: a7e8a1b91929a93d3b5a09196688da9f -> 109cc5d80cf92b9046134880b5edcf1b
  custom:scripting/monoscript/fileName/ThirdPersonCamera.cs: 89540b84413d3214a0393df626fc7e4d -> 35de7e6ba15e5b9fdadcda09253e7a10
  custom:scripting/monoscript/fileName/FirstPersonController.cs: 8b12a276978159c5862f93090c29bfa5 -> a84db48f9c6674dd2c91a1d423e221b3
  custom:audio-encoder-webm-vorbis: bf7c407c2cedff20999df2af8eb42d56 -> 
  custom:scripting/monoscript/fileName/CreateLocatorHere.cs: 098e9e1de058b87e40168482a0f4c62f -> eabea7a256020b5a9700a1f9ac468b65
========================================================================
Received Import Request.
  Time since last request: 503.336381 seconds.
  path: Assets/ThirdParty/unity-chan!/Unity-chan! Model/Art/Animations/unitychan_ARpose1.fbx
  artifactKey: Guid(e8397bfde2758f942a04edaaf7ad57ec) Importer(815301076,1909f56bfc062723c751e8b465ee728b)
Start importing Assets/ThirdParty/unity-chan!/Unity-chan! Model/Art/Animations/unitychan_ARpose1.fbx using Guid(e8397bfde2758f942a04edaaf7ad57ec) Importer(815301076,1909f56bfc062723c751e8b465ee728b)  -> (artifact id: 'f81a6f1f792e519b48d5996af72d1080') in 0.040393 seconds
Number of updated asset objects reloaded before import = 0
Number of asset objects unloaded after import = 299
========================================================================
Received Import Request.
  Time since last request: 0.000026 seconds.
  path: Assets/ThirdParty/unity-chan!/Unity-chan! Model/Art/Animations/unitychan_JUMP01.fbx
  artifactKey: Guid(87486f7b16eedbf4eb26567d70189058) Importer(815301076,1909f56bfc062723c751e8b465ee728b)
Start importing Assets/ThirdParty/unity-chan!/Unity-chan! Model/Art/Animations/unitychan_JUMP01.fbx using Guid(87486f7b16eedbf4eb26567d70189058) Importer(815301076,1909f56bfc062723c751e8b465ee728b)  -> (artifact id: 'd927ec087c26977e85d02b91decd5b7a') in 0.007657 seconds
Number of updated asset objects reloaded before import = 0
Number of asset objects unloaded after import = 324
========================================================================
Received Import Request.
  Time since last request: 0.000022 seconds.
  path: Assets/ThirdParty/unity-chan!/Unity-chan! Model/Art/Animations/unitychan_LOSE00.fbx
  artifactKey: Guid(c7df2ec8d896a4a15abc7636d440631b) Importer(815301076,1909f56bfc062723c751e8b465ee728b)
Start importing Assets/ThirdParty/unity-chan!/Unity-chan! Model/Art/Animations/unitychan_LOSE00.fbx using Guid(c7df2ec8d896a4a15abc7636d440631b) Importer(815301076,1909f56bfc062723c751e8b465ee728b)  -> (artifact id: '2703248da392339ea11a9f9362838a3a') in 0.010102 seconds
Number of updated asset objects reloaded before import = 0
Number of asset objects unloaded after import = 324
========================================================================
Received Import Request.
  Time since last request: 0.000021 seconds.
  path: Assets/ThirdParty/unity-chan!/Unity-chan! Model/Art/Animations/unitychan_WALK00_R.fbx
  artifactKey: Guid(dbc663f7e83140241a679da3ca9063b7) Importer(815301076,1909f56bfc062723c751e8b465ee728b)
Start importing Assets/ThirdParty/unity-chan!/Unity-chan! Model/Art/Animations/unitychan_WALK00_R.fbx using Guid(dbc663f7e83140241a679da3ca9063b7) Importer(815301076,1909f56bfc062723c751e8b465ee728b)  -> (artifact id: '15236d805bbe4d5a9cf054e2ae880ee6') in 0.007162 seconds
Number of updated asset objects reloaded before import = 0
Number of asset objects unloaded after import = 324
========================================================================
Received Import Request.
  Time since last request: 0.000026 seconds.
  path: Assets/ThirdParty/unity-chan!/Unity-chan! Model/Art/Animations/unitychan_WIN00.fbx
  artifactKey: Guid(e2538d48c03da46a8b0c3b59d39a4cab) Importer(815301076,1909f56bfc062723c751e8b465ee728b)
Start importing Assets/ThirdParty/unity-chan!/Unity-chan! Model/Art/Animations/unitychan_WIN00.fbx using Guid(e2538d48c03da46a8b0c3b59d39a4cab) Importer(815301076,1909f56bfc062723c751e8b465ee728b)  -> (artifact id: 'c62ee6c6a3bedd10fc23f380f16818ee') in 0.009897 seconds
Number of updated asset objects reloaded before import = 0
Number of asset objects unloaded after import = 324
========================================================================
Received Import Request.
  Time since last request: 0.000019 seconds.
  path: Assets/ThirdParty/unity-chan!/Unity-chan! Model/Art/Animations/unitychan_WAIT03.fbx
  artifactKey: Guid(f98ead48d3193eb43a7839c6847a5b13) Importer(815301076,1909f56bfc062723c751e8b465ee728b)
Start importing Assets/ThirdParty/unity-chan!/Unity-chan! Model/Art/Animations/unitychan_WAIT03.fbx using Guid(f98ead48d3193eb43a7839c6847a5b13) Importer(815301076,1909f56bfc062723c751e8b465ee728b)  -> (artifact id: '6341c5f40254cba784d51edddcf70b17') in 0.012524 seconds
Number of updated asset objects reloaded before import = 0
Number of asset objects unloaded after import = 324
========================================================================
Received Import Request.
  Time since last request: 0.000021 seconds.
  path: Assets/ThirdParty/unity-chan!/Unity-chan! Model/Art/Animations/unitychan_WAIT00.fbx
  artifactKey: Guid(0147e212f97e3d449a4b9e4f5d057180) Importer(815301076,1909f56bfc062723c751e8b465ee728b)
Start importing Assets/ThirdParty/unity-chan!/Unity-chan! Model/Art/Animations/unitychan_WAIT00.fbx using Guid(0147e212f97e3d449a4b9e4f5d057180) Importer(815301076,1909f56bfc062723c751e8b465ee728b)  -> (artifact id: 'd5052a1f1a76559aeb8462b2f9e093f1') in 0.008360 seconds
Number of updated asset objects reloaded before import = 0
Number of asset objects unloaded after import = 324
========================================================================
Received Import Request.
  Time since last request: 0.000017 seconds.
  path: Assets/ThirdParty/unity-chan!/Unity-chan! Model/Art/Animations/unitychan_UMATOBI00.fbx
  artifactKey: Guid(8bf916c92a6742d4ea62fd210c3fd0e6) Importer(815301076,1909f56bfc062723c751e8b465ee728b)
Start importing Assets/ThirdParty/unity-chan!/Unity-chan! Model/Art/Animations/unitychan_UMATOBI00.fbx using Guid(8bf916c92a6742d4ea62fd210c3fd0e6) Importer(815301076,1909f56bfc062723c751e8b465ee728b)  -> (artifact id: '90cc667d7daaf7292c3f5bb769d3e9b0') in 0.007094 seconds
Number of updated asset objects reloaded before import = 0
Number of asset objects unloaded after import = 324
========================================================================
Received Import Request.
  Time since last request: 0.000016 seconds.
  path: Assets/ThirdParty/unity-chan!/Unity-chan! Model/Art/Animations/unitychan_WALK00_F.fbx
  artifactKey: Guid(e52be2fa48716194ea1d9d76686005f8) Importer(815301076,1909f56bfc062723c751e8b465ee728b)
Start importing Assets/ThirdParty/unity-chan!/Unity-chan! Model/Art/Animations/unitychan_WALK00_F.fbx using Guid(e52be2fa48716194ea1d9d76686005f8) Importer(815301076,1909f56bfc062723c751e8b465ee728b)  -> (artifact id: 'dc01b14eb296b8aa28ba4775a22144b4') in 0.007702 seconds
Number of updated asset objects reloaded before import = 0
Number of asset objects unloaded after import = 324
========================================================================
Received Import Request.
  Time since last request: 0.000023 seconds.
  path: Assets/ThirdParty/unity-chan!/Unity-chan! Model/Art/Animations/unitychan_JUMP00B.fbx
  artifactKey: Guid(d6fd0c7048894427c8663615237d6a77) Importer(815301076,1909f56bfc062723c751e8b465ee728b)
Start importing Assets/ThirdParty/unity-chan!/Unity-chan! Model/Art/Animations/unitychan_JUMP00B.fbx using Guid(d6fd0c7048894427c8663615237d6a77) Importer(815301076,1909f56bfc062723c751e8b465ee728b)  -> (artifact id: '0b4124156aaac880cfe2f2fec5ad39f7') in 0.008800 seconds
Number of updated asset objects reloaded before import = 0
Number of asset objects unloaded after import = 324
========================================================================
Received Import Request.
  Time since last request: 0.000021 seconds.
  path: Assets/ThirdParty/unity-chan!/Unity-chan! Model/Art/Animations/unitychan_WAIT02.fbx
  artifactKey: Guid(e54e2e1fa0a994b389fe0654511fac47) Importer(815301076,1909f56bfc062723c751e8b465ee728b)
Start importing Assets/ThirdParty/unity-chan!/Unity-chan! Model/Art/Animations/unitychan_WAIT02.fbx using Guid(e54e2e1fa0a994b389fe0654511fac47) Importer(815301076,1909f56bfc062723c751e8b465ee728b)  -> (artifact id: '0461a2524382184fc72d68353ff82a5b') in 0.013252 seconds
Number of updated asset objects reloaded before import = 0
Number of asset objects unloaded after import = 324
========================================================================
Received Import Request.
  Time since last request: 0.000017 seconds.
  path: Assets/ThirdParty/unity-chan!/Unity-chan! Model/Art/Animations/unitychan_RUN00_F.fbx
  artifactKey: Guid(26055e26f15260e4e8e0e51f50c41926) Importer(815301076,1909f56bfc062723c751e8b465ee728b)
Start importing Assets/ThirdParty/unity-chan!/Unity-chan! Model/Art/Animations/unitychan_RUN00_F.fbx using Guid(26055e26f15260e4e8e0e51f50c41926) Importer(815301076,1909f56bfc062723c751e8b465ee728b)  -> (artifact id: '1caed99092f77afdeacda7f17f2d0d55') in 0.006828 seconds
Number of updated asset objects reloaded before import = 0
Number of asset objects unloaded after import = 324
========================================================================
Received Import Request.
  Time since last request: 0.000017 seconds.
  path: Assets/ThirdParty/unity-chan!/Unity-chan! Model/Art/Animations/unitychan_SLIDE00.fbx
  artifactKey: Guid(a3657ebe445392e44a81a7b112b9cf0c) Importer(815301076,1909f56bfc062723c751e8b465ee728b)
Start importing Assets/ThirdParty/unity-chan!/Unity-chan! Model/Art/Animations/unitychan_SLIDE00.fbx using Guid(a3657ebe445392e44a81a7b112b9cf0c) Importer(815301076,1909f56bfc062723c751e8b465ee728b)  -> (artifact id: 'b93dc045a73286a973470521b304c787') in 0.007210 seconds
Number of updated asset objects reloaded before import = 0
Number of asset objects unloaded after import = 324
Editor requested this worker to shutdown with reason: Scaling down because of idle timeout
TcpMessagingSession - receive error: operation aborted. errorcode: 995, details: ]{nDAHw I/O @C
AssetImportWorker is now disconnected from the server
Process exiting
Exiting without the bug reporter. Application will terminate with return code 0