Using pre-set license
Built from '2022.3/staging' branch; Version is '2022.3.3f1 (7cdc2969a641) revision 8182825'; Using compiler version '192829333'; Build Type 'Release'
OS: 'Windows 10  (10.0.19045) 64bit Professional' Language: 'zh' Physical Memory: 32606 MB
BatchMode: 1, IsHumanControllingUs: 0, StartBugReporterOnCrash: 0, Is64bit: 1, IsPro: 1

COMMAND LINE ARGUMENTS:
C:\Program Files\Unity\Hub\Editor\2022.3.3f1\Editor\Unity.exe
-adb2
-batchMode
-noUpm
-name
AssetImportWorker13
-projectPath
D:/NavMeshUnityChan
-logFile
Logs/AssetImportWorker13.log
-srvPort
52493
Successfully changed project path to: D:/NavMeshUnityChan
D:/NavMeshUnityChan
[UnityMemory] Configuration Parameters - Can be set up in boot.config
    "memorysetup-bucket-allocator-granularity=16"
    "memorysetup-bucket-allocator-bucket-count=8"
    "memorysetup-bucket-allocator-block-size=33554432"
    "memorysetup-bucket-allocator-block-count=8"
    "memorysetup-main-allocator-block-size=16777216"
    "memorysetup-thread-allocator-block-size=16777216"
    "memorysetup-gfx-main-allocator-block-size=16777216"
    "memorysetup-gfx-thread-allocator-block-size=16777216"
    "memorysetup-cache-allocator-block-size=4194304"
    "memorysetup-typetree-allocator-block-size=2097152"
    "memorysetup-profiler-bucket-allocator-granularity=16"
    "memorysetup-profiler-bucket-allocator-bucket-count=8"
    "memorysetup-profiler-bucket-allocator-block-size=33554432"
    "memorysetup-profiler-bucket-allocator-block-count=8"
    "memorysetup-profiler-allocator-block-size=16777216"
    "memorysetup-profiler-editor-allocator-block-size=1048576"
    "memorysetup-temp-allocator-size-main=16777216"
    "memorysetup-job-temp-allocator-block-size=2097152"
    "memorysetup-job-temp-allocator-block-size-background=1048576"
    "memorysetup-job-temp-allocator-reduction-small-platforms=262144"
    "memorysetup-allocator-temp-initial-block-size-main=262144"
    "memorysetup-allocator-temp-initial-block-size-worker=262144"
    "memorysetup-temp-allocator-size-background-worker=32768"
    "memorysetup-temp-allocator-size-job-worker=262144"
    "memorysetup-temp-allocator-size-preload-manager=33554432"
    "memorysetup-temp-allocator-size-nav-mesh-worker=65536"
    "memorysetup-temp-allocator-size-audio-worker=65536"
    "memorysetup-temp-allocator-size-cloud-worker=32768"
    "memorysetup-temp-allocator-size-gi-baking-worker=262144"
    "memorysetup-temp-allocator-size-gfx=262144"
Player connection [25096] Host "[IP] 192.168.0.148 [Port] 0 [Flags] 2 [Guid] 1121590161 [EditorId] 1121590161 [Version] 1048832 [Id] WindowsEditor(7,DESKTOP-KDB4562) [Debug] 1 [PackageName] WindowsEditor [ProjectName] Editor" joined multi-casting on [225.0.0.222:54997]...

Player connection [25096] Host "[IP] 192.168.0.148 [Port] 0 [Flags] 2 [Guid] 1121590161 [EditorId] 1121590161 [Version] 1048832 [Id] WindowsEditor(7,DESKTOP-KDB4562) [Debug] 1 [PackageName] WindowsEditor [ProjectName] Editor" joined alternative multi-casting on [225.0.0.222:34997]...

Refreshing native plugins compatible for Editor in 8.58 ms, found 3 plugins.
Preloading 0 native plugins for Editor in 0.00 ms.
Initialize engine version: 2022.3.3f1 (7cdc2969a641)
[Subsystems] Discovering subsystems at path C:/Program Files/Unity/Hub/Editor/2022.3.3f1/Editor/Data/Resources/UnitySubsystems
[Subsystems] Discovering subsystems at path D:/NavMeshUnityChan/Assets
GfxDevice: creating device client; threaded=0; jobified=0
Direct3D:
    Version:  Direct3D 11.0 [level 11.1]
    Renderer: NVIDIA GeForce RTX 3060 (ID=0x2544)
    Vendor:   NVIDIA
    VRAM:     8049 MB
    Driver:   31.0.15.3623
Initialize mono
Mono path[0] = 'C:/Program Files/Unity/Hub/Editor/2022.3.3f1/Editor/Data/Managed'
Mono path[1] = 'C:/Program Files/Unity/Hub/Editor/2022.3.3f1/Editor/Data/MonoBleedingEdge/lib/mono/unityjit-win32'
Mono config path = 'C:/Program Files/Unity/Hub/Editor/2022.3.3f1/Editor/Data/MonoBleedingEdge/etc'
Using monoOptions --debugger-agent=transport=dt_socket,embedding=1,server=y,suspend=n,address=127.0.0.1:56268
Begin MonoManager ReloadAssembly
Registering precompiled unity dll's ...
Register platform support module: C:/Program Files/Unity/Hub/Editor/2022.3.3f1/Editor/Data/PlaybackEngines/WebGLSupport/UnityEditor.WebGL.Extensions.dll
Register platform support module: C:/Program Files/Unity/Hub/Editor/2022.3.3f1/Editor/Data/PlaybackEngines/AndroidPlayer/UnityEditor.Android.Extensions.dll
Register platform support module: C:/Program Files/Unity/Hub/Editor/2022.3.3f1/Editor/Data/PlaybackEngines/iOSSupport/UnityEditor.iOS.Extensions.dll
Register platform support module: C:/Program Files/Unity/Hub/Editor/2022.3.3f1/Editor/Data/PlaybackEngines/WindowsStandaloneSupport/UnityEditor.WindowsStandalone.Extensions.dll
Registered in 0.016072 seconds.
- Loaded All Assemblies, in  0.413 seconds
Native extension for WindowsStandalone target not found
Native extension for iOS target not found
Native extension for Android target not found
Android Extension - Scanning For ADB Devices 345 ms
Native extension for WebGL target not found
Mono: successfully reloaded assembly
- Finished resetting the current domain, in  0.736 seconds
Domain Reload Profiling: 1147ms
	BeginReloadAssembly (105ms)
		ExecutionOrderSort (0ms)
		DisableScriptedObjects (0ms)
		BackupInstance (0ms)
		ReleaseScriptingObjects (0ms)
		CreateAndSetChildDomain (1ms)
	RebuildCommonClasses (40ms)
	RebuildNativeTypeToScriptingClass (13ms)
	initialDomainReloadingComplete (79ms)
	LoadAllAssembliesAndSetupDomain (174ms)
		LoadAssemblies (103ms)
		RebuildTransferFunctionScriptingTraits (0ms)
		AnalyzeDomain (165ms)
			TypeCache.Refresh (164ms)
				TypeCache.ScanAssembly (152ms)
			ScanForSourceGeneratedMonoScriptInfo (0ms)
			ResolveRequiredComponents (1ms)
	FinalizeReload (737ms)
		ReleaseScriptCaches (0ms)
		RebuildScriptCaches (0ms)
		SetupLoadedEditorAssemblies (663ms)
			LogAssemblyErrors (0ms)
			InitializePlatformSupportModulesInManaged (486ms)
			SetLoadedEditorAssemblies (5ms)
			RefreshPlugins (0ms)
			BeforeProcessingInitializeOnLoad (3ms)
			ProcessInitializeOnLoadAttributes (114ms)
			ProcessInitializeOnLoadMethodAttributes (55ms)
			AfterProcessingInitializeOnLoad (0ms)
			EditorAssembliesLoaded (0ms)
		ExecutionOrderSort2 (0ms)
		AwakeInstancesAfterBackupRestoration (0ms)
========================================================================
Worker process is ready to serve import requests
Begin MonoManager ReloadAssembly
- Loaded All Assemblies, in  0.910 seconds
Refreshing native plugins compatible for Editor in 2.99 ms, found 3 plugins.
Native extension for WindowsStandalone target not found
Native extension for iOS target not found
Native extension for Android target not found
Native extension for WebGL target not found
Package Manager log level set to [2]
[Package Manager] Server::EnsureServerProcessIsRunning -- launch failed, reason: Unity was launched with the -noUpm command-line argument
[Package Manager] UpmClient::Send -- Unable to send message (not connected to UPM process).
[Package Manager] Cannot connect to Unity Package Manager local server
Mono: successfully reloaded assembly
- Finished resetting the current domain, in  1.042 seconds
Domain Reload Profiling: 1949ms
	BeginReloadAssembly (125ms)
		ExecutionOrderSort (0ms)
		DisableScriptedObjects (7ms)
		BackupInstance (0ms)
		ReleaseScriptingObjects (0ms)
		CreateAndSetChildDomain (21ms)
	RebuildCommonClasses (36ms)
	RebuildNativeTypeToScriptingClass (12ms)
	initialDomainReloadingComplete (53ms)
	LoadAllAssembliesAndSetupDomain (681ms)
		LoadAssemblies (351ms)
		RebuildTransferFunctionScriptingTraits (0ms)
		AnalyzeDomain (382ms)
			TypeCache.Refresh (339ms)
				TypeCache.ScanAssembly (324ms)
			ScanForSourceGeneratedMonoScriptInfo (29ms)
			ResolveRequiredComponents (14ms)
	FinalizeReload (1042ms)
		ReleaseScriptCaches (0ms)
		RebuildScriptCaches (0ms)
		SetupLoadedEditorAssemblies (834ms)
			LogAssemblyErrors (0ms)
			InitializePlatformSupportModulesInManaged (44ms)
			SetLoadedEditorAssemblies (5ms)
			RefreshPlugins (0ms)
			BeforeProcessingInitializeOnLoad (146ms)
			ProcessInitializeOnLoadAttributes (554ms)
			ProcessInitializeOnLoadMethodAttributes (77ms)
			AfterProcessingInitializeOnLoad (9ms)
			EditorAssembliesLoaded (0ms)
		ExecutionOrderSort2 (0ms)
		AwakeInstancesAfterBackupRestoration (8ms)
Launched and connected shader compiler UnityShaderCompiler.exe after 0.05 seconds
Refreshing native plugins compatible for Editor in 3.44 ms, found 3 plugins.
Preloading 0 native plugins for Editor in 0.00 ms.
Unloading 5730 Unused Serialized files (Serialized files now loaded: 0)
Unloading 88 unused Assets / (471.1 KB). Loaded Objects now: 6196.
Memory consumption went from 233.7 MB to 233.3 MB.
Total: 4.481600 ms (FindLiveObjects: 0.742300 ms CreateObjectMapping: 0.222000 ms MarkObjects: 3.269700 ms  DeleteObjects: 0.246600 ms)

AssetImportParameters requested are different than current active one (requested -> active):
  custom:scripting/monoscript/fileName/UnityChanControlScriptWithRgidBody.cs: e6270e628b445f45f3b5d2688e9f7023 -> f93a5d4c41203833745f195667a8d5db
  custom:scripting/monoscript/fileName/UIVirtualTouchZone.cs: 7dc6ac3020fe6a04ec9b50f67c74e843 -> 2cf58d9131af5a78d9083ae59546d69c
  custom:container-demuxer-ogg: 62fdf1f143b41e24485cea50d1cbac27 -> 
  custom:scripting/monoscript/fileName/UIVirtualJoystick.cs: d91cd492c08816cfcd7c002f705e2a97 -> 940ec13d5cec07955291b086529e4dd6
  custom:video-decoder-ogg-theora: a1e56fd34408186e4bbccfd4996cb3dc -> 
  custom:framework-win-MediaFoundation: 216162199b28c13a410421893ffa2e32 -> 
  custom:scripting/monoscript/fileName/SplashScreen.cs: 0755d608089cbc7d0e953ccbc748a0c5 -> 6c6c37897b93bb9a6c31f7924f0ecb9c
  custom:scripting/monoscript/fileName/SpringManager.cs: 25f5f6338fac4e7e91eadc26b51fb015 -> 83e12df1a32f087b3137671bbcd8f859
  custom:scripting/monoscript/fileName/IdleChanger.cs: 0d42658b2b153f87462fd4e5e96a13ee -> e2174b8c7f90f2d49a9c826bcd31f625
  custom:scripting/monoscript/fileName/SpringBone.cs: 6c4c6f7c13ed735d821f2510cd11d40f -> e3303a561ad5a6032dae88d443f92126
  custom:container-demuxer-webm: 4f35f7cbe854078d1ac9338744f61a02 -> 
  custom:scripting/monoscript/fileName/SpringCollider.cs: b95717af7a1b7c4f1cedbda2e4581451 -> 611015d43f843d0a8a816baeac1892d3
  custom:scripting/monoscript/fileName/UIVirtualButton.cs: 52482648e6f5e190b30c7811823ff594 -> 4484a5293e7a4abb96c3b06b8d8dca11
  custom:scripting/monoscript/fileName/MobileDisableAutoSwitchControls.cs: d7ed10b4aca925877e80f08d0210b16a -> 6080624f52a6a8173325efe0ce361f18
  custom:container-muxer-webm: aa71ff27fc2769a1b78a27578f13a17b -> 
  custom:scripting/monoscript/fileName/RandomWind.cs: 2f8fa34249abdeb18b156658f50cf6b0 -> be31d0f94b239f7e0b4b46a319d3ba3b
  custom:video-decoder-webm-vp8: 9c59270c3fd7afecdb556c50c9e8de78 -> 
  custom:scripting/monoscript/fileName/AutoBlink.cs: c4896b0bc763e45116fcb71524820395 -> e719fce70f46c90402d12ff39a4f7365
  custom:scripting/monoscript/fileName/IKCtrlRightHand.cs: af5a857eb9c61b41538bf9623698a2d1 -> 3af9bf3fc39d24bcbc842065abcef555
  custom:scripting/monoscript/fileName/FillValueNumber.cs: 326b179cbaad6ca8a61b0b1d24b8ae23 -> 15652520cfe53de9da2e810de6bdd843
  custom:AudioImporter_EditorPlatform: d09bf68614088b80899f8185d706f6e7 -> 
  custom:scripting/monoscript/fileName/UICanvasControllerInput.cs: 2cdef807cafca6682627d2fff45745d7 -> efbd76725fe032d832a1837ce36804c3
  custom:scripting/monoscript/fileName/BasicRigidBodyPush.cs: 81692452d1a6b6b5ab4a950852e5937c -> 834b632457fae9d11b7ee6ae6006cbf8
  custom:scripting/monoscript/fileName/FaceUpdate.cs: 936c881d460b8437fb80f048d1ed5d71 -> cab0fb8c8d65ae2e8ae8c5b3a02b4d4b
  custom:scripting/monoscript/fileName/CameraController.cs: aec47e38b39d8189645743359554ec01 -> 237eb1ea9a4c37f8fb087ea1161536eb
  custom:video-encoder-webm-vp8: eb34c28f22e8b96e1ab97ce403110664 -> 
  custom:audio-decoder-ogg-vorbis: bf7c407c2cedff20999df2af8eb42d56 -> 
  custom:scripting/monoscript/fileName/StarterAssetsInputs.cs: a7e8a1b91929a93d3b5a09196688da9f -> 109cc5d80cf92b9046134880b5edcf1b
  custom:scripting/monoscript/fileName/ThirdPersonCamera.cs: 89540b84413d3214a0393df626fc7e4d -> 35de7e6ba15e5b9fdadcda09253e7a10
  custom:scripting/monoscript/fileName/FirstPersonController.cs: 8b12a276978159c5862f93090c29bfa5 -> a84db48f9c6674dd2c91a1d423e221b3
  custom:audio-encoder-webm-vorbis: bf7c407c2cedff20999df2af8eb42d56 -> 
  custom:scripting/monoscript/fileName/CreateLocatorHere.cs: 098e9e1de058b87e40168482a0f4c62f -> eabea7a256020b5a9700a1f9ac468b65
========================================================================
Received Import Request.
  Time since last request: 687025.186298 seconds.
  path: Assets/ThirdParty/UnityChanSSU/Models/UnitychanSSU/Materials/UCSSU_Eyes.mat
  artifactKey: Guid(e212f5c6b11e7c24cbdd6f919c07d70c) Importer(815301076,1909f56bfc062723c751e8b465ee728b)
Start importing Assets/ThirdParty/UnityChanSSU/Models/UnitychanSSU/Materials/UCSSU_Eyes.mat using Guid(e212f5c6b11e7c24cbdd6f919c07d70c) Importer(815301076,1909f56bfc062723c751e8b465ee728b)  -> (artifact id: '337b1afb2b1dc583dc1ff8016b9fa23f') in 0.006491 seconds
Number of updated asset objects reloaded before import = 0
Number of asset objects unloaded after import = 1
========================================================================
Received Import Request.
  Time since last request: 0.000027 seconds.
  path: Assets/ThirdParty/UnityChanSSU/Models/UnitychanSSU/Materials/UCSSU_Hoodie.mat
  artifactKey: Guid(0a925968bfad1ff48a5574ee0ce419d4) Importer(815301076,1909f56bfc062723c751e8b465ee728b)
Start importing Assets/ThirdParty/UnityChanSSU/Models/UnitychanSSU/Materials/UCSSU_Hoodie.mat using Guid(0a925968bfad1ff48a5574ee0ce419d4) Importer(815301076,1909f56bfc062723c751e8b465ee728b)  -> (artifact id: 'c221b65c41a5a9e58cb07d84bdb3eb72') in 0.001525 seconds
Number of updated asset objects reloaded before import = 0
Number of asset objects unloaded after import = 1
========================================================================
Received Import Request.
  Time since last request: 0.000016 seconds.
  path: Assets/ThirdParty/UnityChanSSU/Models/UnitychanSSU/Materials/UCSSU_Shirt.mat
  artifactKey: Guid(50fbd669bbbd7484199db8db6f1fbb08) Importer(815301076,1909f56bfc062723c751e8b465ee728b)
Start importing Assets/ThirdParty/UnityChanSSU/Models/UnitychanSSU/Materials/UCSSU_Shirt.mat using Guid(50fbd669bbbd7484199db8db6f1fbb08) Importer(815301076,1909f56bfc062723c751e8b465ee728b)  -> (artifact id: 'a5925ee3516398b13a9592dfac175951') in 0.001554 seconds
Number of updated asset objects reloaded before import = 0
Number of asset objects unloaded after import = 1
========================================================================
Received Import Request.
  Time since last request: 0.000046 seconds.
  path: Assets/ThirdParty/UnityChanSSU/Models/UnitychanSSU/Materials/UCSSU_HoodieZipper.mat
  artifactKey: Guid(b7d8bc69ba5f5be4b854238a3c13c926) Importer(815301076,1909f56bfc062723c751e8b465ee728b)
Start importing Assets/ThirdParty/UnityChanSSU/Models/UnitychanSSU/Materials/UCSSU_HoodieZipper.mat using Guid(b7d8bc69ba5f5be4b854238a3c13c926) Importer(815301076,1909f56bfc062723c751e8b465ee728b)  -> (artifact id: '7ae7657e422af19cc5a5893e8dc8dac0') in 0.001363 seconds
Number of updated asset objects reloaded before import = 0
Number of asset objects unloaded after import = 1
========================================================================
Received Import Request.
  Time since last request: 0.000015 seconds.
  path: Assets/ThirdParty/UnityChanSSU/Models/UnitychanSSU/Materials/UCSSU_Head.mat
  artifactKey: Guid(a1de1bc82e8d003449925a8f6fc924c9) Importer(815301076,1909f56bfc062723c751e8b465ee728b)
Start importing Assets/ThirdParty/UnityChanSSU/Models/UnitychanSSU/Materials/UCSSU_Head.mat using Guid(a1de1bc82e8d003449925a8f6fc924c9) Importer(815301076,1909f56bfc062723c751e8b465ee728b)  -> (artifact id: '99f0bd022f6bf57ff6010b07eabeaba3') in 0.001340 seconds
Number of updated asset objects reloaded before import = 0
Number of asset objects unloaded after import = 1
========================================================================
Received Import Request.
  Time since last request: 0.000014 seconds.
  path: Assets/ThirdParty/UnityChanSSU/Models/UnitychanSSU/Materials/UCSSU_Skin.mat
  artifactKey: Guid(74423abec11dc5b42b55a4bb47b5cc84) Importer(815301076,1909f56bfc062723c751e8b465ee728b)
Start importing Assets/ThirdParty/UnityChanSSU/Models/UnitychanSSU/Materials/UCSSU_Skin.mat using Guid(74423abec11dc5b42b55a4bb47b5cc84) Importer(815301076,1909f56bfc062723c751e8b465ee728b)  -> (artifact id: '24dbd887ef6d26c2259130033af91099') in 0.001366 seconds
Number of updated asset objects reloaded before import = 0
Number of asset objects unloaded after import = 1
========================================================================
Received Import Request.
  Time since last request: 8.038325 seconds.
  path: Assets/ThirdParty/UnityChanSSU/Models/UnitychanSSU/Materials/Textures/UCSSU_Shirt2a4.psd
  artifactKey: Guid(b3095a819167246489e334cc3fa2c7c5) Importer(815301076,1909f56bfc062723c751e8b465ee728b)
Start importing Assets/ThirdParty/UnityChanSSU/Models/UnitychanSSU/Materials/Textures/UCSSU_Shirt2a4.psd using Guid(b3095a819167246489e334cc3fa2c7c5) Importer(815301076,1909f56bfc062723c751e8b465ee728b)  -> (artifact id: 'fec21a9f2f1a837e29595db8780f454c') in 0.240511 seconds
Number of updated asset objects reloaded before import = 0
Number of asset objects unloaded after import = 1
Editor requested this worker to shutdown with reason: Scaling down because of idle timeout
TcpMessagingSession - receive error: operation aborted. errorcode: 995, details: 因為執行緒結束或應用程式要求，所以已中止 I/O 操作。
AssetImportWorker is now disconnected from the server
Process exiting
Exiting without the bug reporter. Application will terminate with return code 0